<?xml version="1.0" encoding="UTF-8"?>
<!-- Generated by org.testng.reporters.JUnitXMLReporter -->
<testsuite hostname="lathabp-ThinkPad-L470-W10DG" ignored="0" name="suite-test-testng" tests="6" failures="1" timestamp="16 Dec 2019 12:48:05 GMT" time="227.38" errors="0">
  <testcase name="GoTOCheckMyOrder" time="14.653" classname="test.myOrderTest"/>
  <testcase name="TestvalideLogin" time="73.176" classname="test.Logintest"/>
  <testcase name="TestvalideLogin" time="33.79" classname="test.allCategoryTest"/>
  <testcase name="GoToStoreLocatorte" time="28.964" classname="test.storeLocatoreTest"/>
  <testcase name="TestvalideAddCartValue" time="22.549" classname="test.addCartTest"/>
  <testcase name="TestDeliveryMapAddress" time="17.368" classname="test.locationDeliveryTest">
    <failure type="org.openqa.selenium.NoSuchElementException" message="An element could not be located on the page using the given search parameters. (WARNING: The server did not provide any stacktrace information)
Command duration or timeout: 0 milliseconds
For documentation on this error, please visit: https://www.seleniumhq.org/exceptions/no_such_element.html
Build info: version: &amp;apos;4.0.0-alpha-1&amp;apos;, revision: &amp;apos;d1d3728cae&amp;apos;, time: &amp;apos;2019-04-24T13:42:21&amp;apos;
System info: host: &amp;apos;lathabp-ThinkPad-L470-W10DG&amp;apos;, ip: &amp;apos;127.0.1.1&amp;apos;, os.name: &amp;apos;Linux&amp;apos;, os.arch: &amp;apos;amd64&amp;apos;, os.version: &amp;apos;4.15.0-64-generic&amp;apos;, java.version: &amp;apos;1.8.0_03-Ubuntu&amp;apos;
Driver info: io.appium.java_client.android.AndroidDriver
Capabilities {appActivity: com.lulu.commerce.SplashAct..., appPackage: com.lulu.commerce, databaseEnabled: false, desired: {appActivity: com.lulu.commerce.SplashAct..., appPackage: com.lulu.commerce, deviceName: Pixel 2, fullReset: false, noReset: true, platformName: android, platformVersion: 10}, deviceManufacturer: Google, deviceModel: Pixel 2, deviceName: FA7AC1A07832, deviceScreenSize: 1080x1920, deviceUDID: FA7AC1A07832, fullReset: false, javascriptEnabled: true, locationContextEnabled: false, networkConnectionEnabled: true, noReset: true, platform: LINUX, platformName: Android, platformVersion: 10, takesScreenshot: true, warnings: {}, webStorageEnabled: false}
Session ID: d0a8948b-7469-498a-81da-6eb05e42d351
*** Element info: {Using=id, value=com.lulu.commerce:id/btnDeliveryLocation}">
      <![CDATA[org.openqa.selenium.NoSuchElementException: An element could not be located on the page using the given search parameters. (WARNING: The server did not provide any stacktrace information)
Command duration or timeout: 0 milliseconds
For documentation on this error, please visit: https://www.seleniumhq.org/exceptions/no_such_element.html
Build info: version: '4.0.0-alpha-1', revision: 'd1d3728cae', time: '2019-04-24T13:42:21'
System info: host: 'lathabp-ThinkPad-L470-W10DG', ip: '127.0.1.1', os.name: 'Linux', os.arch: 'amd64', os.version: '4.15.0-64-generic', java.version: '1.8.0_03-Ubuntu'
Driver info: io.appium.java_client.android.AndroidDriver
Capabilities {appActivity: com.lulu.commerce.SplashAct..., appPackage: com.lulu.commerce, databaseEnabled: false, desired: {appActivity: com.lulu.commerce.SplashAct..., appPackage: com.lulu.commerce, deviceName: Pixel 2, fullReset: false, noReset: true, platformName: android, platformVersion: 10}, deviceManufacturer: Google, deviceModel: Pixel 2, deviceName: FA7AC1A07832, deviceScreenSize: 1080x1920, deviceUDID: FA7AC1A07832, fullReset: false, javascriptEnabled: true, locationContextEnabled: false, networkConnectionEnabled: true, noReset: true, platform: LINUX, platformName: Android, platformVersion: 10, takesScreenshot: true, warnings: {}, webStorageEnabled: false}
Session ID: d0a8948b-7469-498a-81da-6eb05e42d351
*** Element info: {Using=id, value=com.lulu.commerce:id/btnDeliveryLocation}
	at org.openqa.selenium.remote.ErrorHandler.createThrowable(ErrorHandler.java:214)
	at org.openqa.selenium.remote.ErrorHandler.throwIfResponseFailed(ErrorHandler.java:166)
	at org.openqa.selenium.remote.codec.jwp.JsonHttpResponseCodec.reconstructValue(JsonHttpResponseCodec.java:41)
	at org.openqa.selenium.remote.codec.AbstractHttpResponseCodec.decode(AbstractHttpResponseCodec.java:81)
	at org.openqa.selenium.remote.codec.AbstractHttpResponseCodec.decode(AbstractHttpResponseCodec.java:45)
	at org.openqa.selenium.remote.HttpCommandExecutor.execute(HttpCommandExecutor.java:161)
	at io.appium.java_client.remote.AppiumCommandExecutor.execute(AppiumCommandExecutor.java:239)
	at org.openqa.selenium.remote.RemoteWebDriver.execute(RemoteWebDriver.java:577)
	at org.openqa.selenium.remote.RemoteWebDriver.findElement(RemoteWebDriver.java:328)
	at io.appium.java_client.DefaultGenericMobileDriver.findElement(DefaultGenericMobileDriver.java:61)
	at io.appium.java_client.AppiumDriver.findElement(AppiumDriver.java:1)
	at io.appium.java_client.android.AndroidDriver.findElement(AndroidDriver.java:1)
	at org.openqa.selenium.remote.RemoteWebDriver.findElementById(RemoteWebDriver.java:376)
	at io.appium.java_client.DefaultGenericMobileDriver.findElementById(DefaultGenericMobileDriver.java:69)
	at io.appium.java_client.AppiumDriver.findElementById(AppiumDriver.java:1)
	at io.appium.java_client.android.AndroidDriver.findElementById(AndroidDriver.java:1)
	at org.openqa.selenium.By$ById.findElement(By.java:188)
	at org.openqa.selenium.remote.RemoteWebDriver.findElement(RemoteWebDriver.java:320)
	at io.appium.java_client.DefaultGenericMobileDriver.findElement(DefaultGenericMobileDriver.java:57)
	at io.appium.java_client.AppiumDriver.findElement(AppiumDriver.java:1)
	at io.appium.java_client.android.AndroidDriver.findElement(AndroidDriver.java:1)
	at AndroidSetup.AndroidSetup.click(AndroidSetup.java:72)
	at Step.locationDeliveryStep.ClickOnDeliveryLocation(locationDeliveryStep.java:16)
	at feature.locationDeliveryFeature.GoToDeliveryMap(locationDeliveryFeature.java:10)
	at test.locationDeliveryTest.TestDeliveryMapAddress(locationDeliveryTest.java:11)
... Removed 29 stack frames]]>
    </failure>
  </testcase> <!-- TestDeliveryMapAddress -->
</testsuite> <!-- suite-test-testng -->
