<?xml version="1.0" encoding="UTF-8"?>
<!-- Generated by org.testng.reporters.JUnitXMLReporter -->
<testsuite hostname="lathabp-ThinkPad-L470-W10DG" ignored="6" name="suite-test-testng" tests="6" failures="6" timestamp="16 Dec 2019 07:22:14 GMT" time="6.154" errors="0">
  <testcase name="TestDeliveryMapAddress" time="0.064" classname="test.locationDeliveryTest">
    <failure type="org.openqa.selenium.WebDriverException" message="An unknown server-side error occurred while processing the command. Original error: Must provide a selector when finding elements (WARNING: The server did not provide any stacktrace information)
Command duration or timeout: 0 milliseconds
Build info: version: &amp;apos;4.0.0-alpha-1&amp;apos;, revision: &amp;apos;d1d3728cae&amp;apos;, time: &amp;apos;2019-04-24T13:42:21&amp;apos;
System info: host: &amp;apos;lathabp-ThinkPad-L470-W10DG&amp;apos;, ip: &amp;apos;127.0.1.1&amp;apos;, os.name: &amp;apos;Linux&amp;apos;, os.arch: &amp;apos;amd64&amp;apos;, os.version: &amp;apos;4.15.0-64-generic&amp;apos;, java.version: &amp;apos;1.8.0_03-Ubuntu&amp;apos;
Driver info: io.appium.java_client.android.AndroidDriver
Capabilities {appActivity: com.lulu.commerce.SplashAct..., appPackage: com.lulu.commerce, databaseEnabled: false, desired: {appActivity: com.lulu.commerce.SplashAct..., appPackage: com.lulu.commerce, deviceName: MOTO C, fullReset: false, noReset: true, platformName: android, platformVersion: 7.0}, deviceManufacturer: motorola, deviceModel: Moto C, deviceName: ZW322897KD, deviceScreenSize: 480x854, deviceUDID: ZW322897KD, fullReset: false, javascriptEnabled: true, locationContextEnabled: false, networkConnectionEnabled: true, noReset: true, platform: LINUX, platformName: Android, platformVersion: 7.0, takesScreenshot: true, warnings: {}, webStorageEnabled: false}
Session ID: a836d2a1-7bd7-4613-835e-4054854ade5a
*** Element info: {Using=xpath, value=}">
      <![CDATA[org.openqa.selenium.WebDriverException: An unknown server-side error occurred while processing the command. Original error: Must provide a selector when finding elements (WARNING: The server did not provide any stacktrace information)
Command duration or timeout: 0 milliseconds
Build info: version: '4.0.0-alpha-1', revision: 'd1d3728cae', time: '2019-04-24T13:42:21'
System info: host: 'lathabp-ThinkPad-L470-W10DG', ip: '127.0.1.1', os.name: 'Linux', os.arch: 'amd64', os.version: '4.15.0-64-generic', java.version: '1.8.0_03-Ubuntu'
Driver info: io.appium.java_client.android.AndroidDriver
Capabilities {appActivity: com.lulu.commerce.SplashAct..., appPackage: com.lulu.commerce, databaseEnabled: false, desired: {appActivity: com.lulu.commerce.SplashAct..., appPackage: com.lulu.commerce, deviceName: MOTO C, fullReset: false, noReset: true, platformName: android, platformVersion: 7.0}, deviceManufacturer: motorola, deviceModel: Moto C, deviceName: ZW322897KD, deviceScreenSize: 480x854, deviceUDID: ZW322897KD, fullReset: false, javascriptEnabled: true, locationContextEnabled: false, networkConnectionEnabled: true, noReset: true, platform: LINUX, platformName: Android, platformVersion: 7.0, takesScreenshot: true, warnings: {}, webStorageEnabled: false}
Session ID: a836d2a1-7bd7-4613-835e-4054854ade5a
*** Element info: {Using=xpath, value=}
	at org.openqa.selenium.remote.ErrorHandler.createThrowable(ErrorHandler.java:214)
	at org.openqa.selenium.remote.ErrorHandler.throwIfResponseFailed(ErrorHandler.java:166)
	at org.openqa.selenium.remote.codec.jwp.JsonHttpResponseCodec.reconstructValue(JsonHttpResponseCodec.java:41)
	at org.openqa.selenium.remote.codec.AbstractHttpResponseCodec.decode(AbstractHttpResponseCodec.java:81)
	at org.openqa.selenium.remote.codec.AbstractHttpResponseCodec.decode(AbstractHttpResponseCodec.java:45)
	at org.openqa.selenium.remote.HttpCommandExecutor.execute(HttpCommandExecutor.java:161)
	at io.appium.java_client.remote.AppiumCommandExecutor.execute(AppiumCommandExecutor.java:239)
	at org.openqa.selenium.remote.RemoteWebDriver.execute(RemoteWebDriver.java:577)
	at org.openqa.selenium.remote.RemoteWebDriver.findElement(RemoteWebDriver.java:328)
	at io.appium.java_client.DefaultGenericMobileDriver.findElement(DefaultGenericMobileDriver.java:61)
	at io.appium.java_client.AppiumDriver.findElement(AppiumDriver.java:1)
	at io.appium.java_client.android.AndroidDriver.findElement(AndroidDriver.java:1)
	at org.openqa.selenium.remote.RemoteWebDriver.findElementByXPath(RemoteWebDriver.java:446)
	at io.appium.java_client.DefaultGenericMobileDriver.findElementByXPath(DefaultGenericMobileDriver.java:151)
	at io.appium.java_client.AppiumDriver.findElementByXPath(AppiumDriver.java:1)
	at io.appium.java_client.android.AndroidDriver.findElementByXPath(AndroidDriver.java:1)
	at org.openqa.selenium.By$ByXPath.findElement(By.java:353)
	at org.openqa.selenium.remote.RemoteWebDriver.findElement(RemoteWebDriver.java:320)
	at io.appium.java_client.DefaultGenericMobileDriver.findElement(DefaultGenericMobileDriver.java:57)
	at io.appium.java_client.AppiumDriver.findElement(AppiumDriver.java:1)
	at io.appium.java_client.android.AndroidDriver.findElement(AndroidDriver.java:1)
	at AndroidSetup.AndroidSetup.click(AndroidSetup.java:68)
	at Step.locationDeliveryStep.ClickOnHomeMapButton(locationDeliveryStep.java:11)
	at feature.locationDeliveryFeature.GoToDeliveryMap(locationDeliveryFeature.java:9)
	at test.locationDeliveryTest.TestDeliveryMapAddress(locationDeliveryTest.java:11)
... Removed 29 stack frames]]>
    </failure>
  </testcase> <!-- TestDeliveryMapAddress -->
  <testcase name="TestvalideLogin" time="0.006" classname="test.allCategoryTest">
    <failure type="org.openqa.selenium.NoSuchSessionException" message="Session ID is null. Using WebDriver after calling quit()?
Build info: version: &amp;apos;4.0.0-alpha-1&amp;apos;, revision: &amp;apos;d1d3728cae&amp;apos;, time: &amp;apos;2019-04-24T13:42:21&amp;apos;
System info: host: &amp;apos;lathabp-ThinkPad-L470-W10DG&amp;apos;, ip: &amp;apos;127.0.1.1&amp;apos;, os.name: &amp;apos;Linux&amp;apos;, os.arch: &amp;apos;amd64&amp;apos;, os.version: &amp;apos;4.15.0-64-generic&amp;apos;, java.version: &amp;apos;1.8.0_03-Ubuntu&amp;apos;
Driver info: driver.version: RemoteWebDriver">
      <![CDATA[org.openqa.selenium.NoSuchSessionException: Session ID is null. Using WebDriver after calling quit()?
Build info: version: '4.0.0-alpha-1', revision: 'd1d3728cae', time: '2019-04-24T13:42:21'
System info: host: 'lathabp-ThinkPad-L470-W10DG', ip: '127.0.1.1', os.name: 'Linux', os.arch: 'amd64', os.version: '4.15.0-64-generic', java.version: '1.8.0_03-Ubuntu'
Driver info: driver.version: RemoteWebDriver
	at org.openqa.selenium.remote.HttpCommandExecutor.execute(HttpCommandExecutor.java:128)
	at io.appium.java_client.remote.AppiumCommandExecutor.execute(AppiumCommandExecutor.java:239)
	at org.openqa.selenium.remote.RemoteWebDriver.execute(RemoteWebDriver.java:577)
	at org.openqa.selenium.remote.RemoteWebDriver$RemoteWebDriverOptions$RemoteTimeouts.implicitlyWait(RemoteWebDriver.java:827)
	at AndroidSetup.AndroidSetup.click(AndroidSetup.java:66)
	at Step.homeScrollPagesstep.ClickonhomeButton(homeScrollPagesstep.java:12)
	at feature.allCatogoryInHomePagesfeature.GotoAllCatogory(allCatogoryInHomePagesfeature.java:8)
	at test.allCategoryTest.TestvalideLogin(allCategoryTest.java:12)
... Removed 25 stack frames]]>
    </failure>
  </testcase> <!-- TestvalideLogin -->
  <testcase name="TestvalideLogin" time="0.003" classname="test.Logintest">
    <failure type="org.openqa.selenium.NoSuchSessionException" message="Session ID is null. Using WebDriver after calling quit()?
Build info: version: &amp;apos;4.0.0-alpha-1&amp;apos;, revision: &amp;apos;d1d3728cae&amp;apos;, time: &amp;apos;2019-04-24T13:42:21&amp;apos;
System info: host: &amp;apos;lathabp-ThinkPad-L470-W10DG&amp;apos;, ip: &amp;apos;127.0.1.1&amp;apos;, os.name: &amp;apos;Linux&amp;apos;, os.arch: &amp;apos;amd64&amp;apos;, os.version: &amp;apos;4.15.0-64-generic&amp;apos;, java.version: &amp;apos;1.8.0_03-Ubuntu&amp;apos;
Driver info: driver.version: RemoteWebDriver">
      <![CDATA[org.openqa.selenium.NoSuchSessionException: Session ID is null. Using WebDriver after calling quit()?
Build info: version: '4.0.0-alpha-1', revision: 'd1d3728cae', time: '2019-04-24T13:42:21'
System info: host: 'lathabp-ThinkPad-L470-W10DG', ip: '127.0.1.1', os.name: 'Linux', os.arch: 'amd64', os.version: '4.15.0-64-generic', java.version: '1.8.0_03-Ubuntu'
Driver info: driver.version: RemoteWebDriver
	at org.openqa.selenium.remote.HttpCommandExecutor.execute(HttpCommandExecutor.java:128)
	at io.appium.java_client.remote.AppiumCommandExecutor.execute(AppiumCommandExecutor.java:239)
	at org.openqa.selenium.remote.RemoteWebDriver.execute(RemoteWebDriver.java:577)
	at org.openqa.selenium.remote.RemoteWebDriver$RemoteWebDriverOptions$RemoteTimeouts.implicitlyWait(RemoteWebDriver.java:827)
	at AndroidSetup.AndroidSetup.click(AndroidSetup.java:66)
	at Step.LoginStep.ClickonMenuButton(LoginStep.java:11)
	at feature.Loginfeature.GotoLoginPage(Loginfeature.java:9)
	at test.Logintest.TestvalideLogin(Logintest.java:11)
... Removed 25 stack frames]]>
    </failure>
  </testcase> <!-- TestvalideLogin -->
  <testcase name="GoToStoreLocatorte" time="0.004" classname="test.storeLocatoreTest">
    <failure type="org.openqa.selenium.NoSuchSessionException" message="Session ID is null. Using WebDriver after calling quit()?
Build info: version: &amp;apos;4.0.0-alpha-1&amp;apos;, revision: &amp;apos;d1d3728cae&amp;apos;, time: &amp;apos;2019-04-24T13:42:21&amp;apos;
System info: host: &amp;apos;lathabp-ThinkPad-L470-W10DG&amp;apos;, ip: &amp;apos;127.0.1.1&amp;apos;, os.name: &amp;apos;Linux&amp;apos;, os.arch: &amp;apos;amd64&amp;apos;, os.version: &amp;apos;4.15.0-64-generic&amp;apos;, java.version: &amp;apos;1.8.0_03-Ubuntu&amp;apos;
Driver info: driver.version: RemoteWebDriver">
      <![CDATA[org.openqa.selenium.NoSuchSessionException: Session ID is null. Using WebDriver after calling quit()?
Build info: version: '4.0.0-alpha-1', revision: 'd1d3728cae', time: '2019-04-24T13:42:21'
System info: host: 'lathabp-ThinkPad-L470-W10DG', ip: '127.0.1.1', os.name: 'Linux', os.arch: 'amd64', os.version: '4.15.0-64-generic', java.version: '1.8.0_03-Ubuntu'
Driver info: driver.version: RemoteWebDriver
	at org.openqa.selenium.remote.HttpCommandExecutor.execute(HttpCommandExecutor.java:128)
	at io.appium.java_client.remote.AppiumCommandExecutor.execute(AppiumCommandExecutor.java:239)
	at org.openqa.selenium.remote.RemoteWebDriver.execute(RemoteWebDriver.java:577)
	at org.openqa.selenium.remote.RemoteWebDriver$RemoteWebDriverOptions$RemoteTimeouts.implicitlyWait(RemoteWebDriver.java:827)
	at AndroidSetup.AndroidSetup.click(AndroidSetup.java:66)
	at Step.storeLocatorStep.ClickOnHomeTextField(storeLocatorStep.java:14)
	at feature.storeLocatoreFeature.GotStoreLocator(storeLocatoreFeature.java:9)
	at test.storeLocatoreTest.GoToStoreLocatorte(storeLocatoreTest.java:11)
... Removed 25 stack frames]]>
    </failure>
  </testcase> <!-- GoToStoreLocatorte -->
  <testcase name="TestvalideAddCartValue" time="0.001" classname="test.addCartTest">
    <failure type="org.openqa.selenium.NoSuchSessionException" message="Session ID is null. Using WebDriver after calling quit()?
Build info: version: &amp;apos;4.0.0-alpha-1&amp;apos;, revision: &amp;apos;d1d3728cae&amp;apos;, time: &amp;apos;2019-04-24T13:42:21&amp;apos;
System info: host: &amp;apos;lathabp-ThinkPad-L470-W10DG&amp;apos;, ip: &amp;apos;127.0.1.1&amp;apos;, os.name: &amp;apos;Linux&amp;apos;, os.arch: &amp;apos;amd64&amp;apos;, os.version: &amp;apos;4.15.0-64-generic&amp;apos;, java.version: &amp;apos;1.8.0_03-Ubuntu&amp;apos;
Driver info: driver.version: RemoteWebDriver">
      <![CDATA[org.openqa.selenium.NoSuchSessionException: Session ID is null. Using WebDriver after calling quit()?
Build info: version: '4.0.0-alpha-1', revision: 'd1d3728cae', time: '2019-04-24T13:42:21'
System info: host: 'lathabp-ThinkPad-L470-W10DG', ip: '127.0.1.1', os.name: 'Linux', os.arch: 'amd64', os.version: '4.15.0-64-generic', java.version: '1.8.0_03-Ubuntu'
Driver info: driver.version: RemoteWebDriver
	at org.openqa.selenium.remote.HttpCommandExecutor.execute(HttpCommandExecutor.java:128)
	at io.appium.java_client.remote.AppiumCommandExecutor.execute(AppiumCommandExecutor.java:239)
	at org.openqa.selenium.remote.RemoteWebDriver.execute(RemoteWebDriver.java:577)
	at org.openqa.selenium.remote.RemoteWebDriver$RemoteWebDriverOptions$RemoteTimeouts.implicitlyWait(RemoteWebDriver.java:827)
	at AndroidSetup.AndroidSetup.click(AndroidSetup.java:66)
	at Step.SearchoroductStep.ClickOnHomeSearchTextfield(SearchoroductStep.java:12)
	at feature.searchFeature.GotAddcatrt(searchFeature.java:9)
	at test.addCartTest.TestvalideAddCartValue(addCartTest.java:11)
... Removed 25 stack frames]]>
    </failure>
  </testcase> <!-- TestvalideAddCartValue -->
  <testcase name="GoTOCheckMyOrder" time="0.001" classname="test.myOrderTest">
    <failure type="org.openqa.selenium.NoSuchSessionException" message="Session ID is null. Using WebDriver after calling quit()?
Build info: version: &amp;apos;4.0.0-alpha-1&amp;apos;, revision: &amp;apos;d1d3728cae&amp;apos;, time: &amp;apos;2019-04-24T13:42:21&amp;apos;
System info: host: &amp;apos;lathabp-ThinkPad-L470-W10DG&amp;apos;, ip: &amp;apos;127.0.1.1&amp;apos;, os.name: &amp;apos;Linux&amp;apos;, os.arch: &amp;apos;amd64&amp;apos;, os.version: &amp;apos;4.15.0-64-generic&amp;apos;, java.version: &amp;apos;1.8.0_03-Ubuntu&amp;apos;
Driver info: driver.version: RemoteWebDriver">
      <![CDATA[org.openqa.selenium.NoSuchSessionException: Session ID is null. Using WebDriver after calling quit()?
Build info: version: '4.0.0-alpha-1', revision: 'd1d3728cae', time: '2019-04-24T13:42:21'
System info: host: 'lathabp-ThinkPad-L470-W10DG', ip: '127.0.1.1', os.name: 'Linux', os.arch: 'amd64', os.version: '4.15.0-64-generic', java.version: '1.8.0_03-Ubuntu'
Driver info: driver.version: RemoteWebDriver
	at org.openqa.selenium.remote.HttpCommandExecutor.execute(HttpCommandExecutor.java:128)
	at io.appium.java_client.remote.AppiumCommandExecutor.execute(AppiumCommandExecutor.java:239)
	at org.openqa.selenium.remote.RemoteWebDriver.execute(RemoteWebDriver.java:577)
	at org.openqa.selenium.remote.RemoteWebDriver$RemoteWebDriverOptions$RemoteTimeouts.implicitlyWait(RemoteWebDriver.java:827)
	at AndroidSetup.AndroidSetup.click(AndroidSetup.java:66)
	at Step.myOrderCheckStep.ClickOnHomeTextField(myOrderCheckStep.java:11)
	at feature.myOrderFeature.checkMyOrderis(myOrderFeature.java:11)
	at test.myOrderTest.GoTOCheckMyOrder(myOrderTest.java:11)
... Removed 25 stack frames]]>
    </failure>
  </testcase> <!-- GoTOCheckMyOrder -->
  <testcase name="@BeforeSuite getdriver" time="0.0" classname="AndroidSetup.AndroidSetup">
    <ignored/>
  </testcase> <!-- @BeforeSuite getdriver -->
  <testcase name="@BeforeSuite getdriver" time="0.0" classname="AndroidSetup.AndroidSetup">
    <ignored/>
  </testcase> <!-- @BeforeSuite getdriver -->
  <testcase name="@BeforeSuite getdriver" time="0.0" classname="AndroidSetup.AndroidSetup">
    <ignored/>
  </testcase> <!-- @BeforeSuite getdriver -->
  <testcase name="@BeforeSuite getdriver" time="0.0" classname="AndroidSetup.AndroidSetup">
    <ignored/>
  </testcase> <!-- @BeforeSuite getdriver -->
  <testcase name="@BeforeSuite getdriver" time="0.0" classname="AndroidSetup.AndroidSetup">
    <ignored/>
  </testcase> <!-- @BeforeSuite getdriver -->
  <testcase name="@BeforeSuite getdriver" time="0.0" classname="AndroidSetup.AndroidSetup">
    <ignored/>
  </testcase> <!-- @BeforeSuite getdriver -->
</testsuite> <!-- suite-test-testng -->
